#
# There is insufficient memory for the Java Runtime Environment to continue.
# Native memory allocation (malloc) failed to allocate 1105296 bytes for Chunk::new
# Possible reasons:
#   The system is out of physical RAM or swap space
#   The process is running with CompressedOops enabled, and the Java Heap may be blocking the growth of the native heap
# Possible solutions:
#   Reduce memory load on the system
#   Increase physical memory or swap space
#   Check if swap backing store is full
#   Decrease Java heap size (-Xmx/-Xms)
#   Decrease number of Java threads
#   Decrease Java thread stack sizes (-Xss)
#   Set larger code cache with -XX:ReservedCodeCacheSize=
#   JVM is running with Unscaled Compressed Oops mode in which the Java heap is
#     placed in the first 4GB address space. The Java Heap base address is the
#     maximum limit for the native heap growth. Please use -XX:HeapBaseMinAddress
#     to set the Java Heap base and to place the Java Heap above 4GB virtual address.
# This output file may be truncated or incomplete.
#
#  Out of Memory Error (allocation.cpp:389), pid=2620, tid=0x0000000000003a1c
#
# JRE version: OpenJDK Runtime Environment (8.0_202-b03) (build 1.8.0_202-release-1483-b03)
# Java VM: OpenJDK 64-Bit Server VM (25.202-b03 mixed mode windows-amd64 compressed oops)
# Failed to write core dump. Minidumps are not enabled by default on client versions of Windows
#

---------------  T H R E A D  ---------------

Current thread (0x0000000016599800):  JavaThread "C2 CompilerThread0" daemon [_thread_in_native, id=14876, stack(0x0000000017bf0000,0x0000000017cf0000)]

Stack: [0x0000000017bf0000,0x0000000017cf0000]
[error occurred during error reporting (printing stack bounds), id 0xc0000005]

Native frames: (J=compiled Java code, j=interpreted, Vv=VM code, C=native code)


Current CompileTask:
C2:8572967 19262       4       org.jetbrains.kotlin.resolve.calls.GenericCandidateResolver::completeTypeInferenceDependentOnFunctionArgumentsForCall (474 bytes)


---------------  P R O C E S S  ---------------

Java Threads: ( => current thread )
  0x000000001cbcd800 JavaThread "RMI RenewClean-[127.0.0.1:60173,org.jetbrains.kotlin.daemon.common.LoopbackNetworkInterface$ClientLoopbackSocketFactory@b367740]" daemon [_thread_blocked, id=9636, stack(0x0000000001060000,0x0000000001160000)]
  0x000000001cbca800 JavaThread "RMI TCP Connection(111)-127.0.0.1" daemon [_thread_in_Java, id=10608, stack(0x0000000000f60000,0x0000000001060000)]
  0x000000001cbcd000 JavaThread "RMI TCP Connection(110)-127.0.0.1" daemon [_thread_in_native, id=9776, stack(0x0000000000e60000,0x0000000000f60000)]
  0x000000001880c800 JavaThread "RMI Scheduler(0)" daemon [_thread_blocked, id=1112, stack(0x0000000019970000,0x0000000019a70000)]
  0x0000000002b32800 JavaThread "DestroyJavaVM" [_thread_blocked, id=14652, stack(0x0000000002900000,0x0000000002a00000)]
  0x000000001875e800 JavaThread "GC Daemon" daemon [_thread_blocked, id=13380, stack(0x0000000019430000,0x0000000019530000)]
  0x0000000018757800 JavaThread "RMI Reaper" [_thread_blocked, id=10756, stack(0x0000000019330000,0x0000000019430000)]
  0x00000000186b9000 JavaThread "Timer-0" daemon [_thread_blocked, id=11048, stack(0x0000000019130000,0x0000000019230000)]
  0x00000000186b8800 JavaThread "RMI TCP Accept-17317" daemon [_thread_in_native, id=6232, stack(0x0000000019030000,0x0000000019130000)]
  0x0000000017f20800 JavaThread "Service Thread" daemon [_thread_blocked, id=5276, stack(0x00000000182f0000,0x00000000183f0000)]
  0x00000000165a4800 JavaThread "C1 CompilerThread2" daemon [_thread_blocked, id=12124, stack(0x0000000017df0000,0x0000000017ef0000)]
  0x000000001659e000 JavaThread "C2 CompilerThread1" daemon [_thread_in_native, id=13464, stack(0x0000000017cf0000,0x0000000017df0000)]
=>0x0000000016599800 JavaThread "C2 CompilerThread0" daemon [_thread_in_native, id=14876, stack(0x0000000017bf0000,0x0000000017cf0000)]
  0x00000000165a7800 JavaThread "Attach Listener" daemon [_thread_blocked, id=3188, stack(0x0000000017af0000,0x0000000017bf0000)]
  0x00000000165a6000 JavaThread "Signal Dispatcher" daemon [_thread_blocked, id=11744, stack(0x00000000179f0000,0x0000000017af0000)]
  0x0000000002c2c000 JavaThread "Finalizer" daemon [_thread_blocked, id=2608, stack(0x00000000177f0000,0x00000000178f0000)]
  0x0000000016589800 JavaThread "Reference Handler" daemon [_thread_blocked, id=9980, stack(0x00000000176f0000,0x00000000177f0000)]

Other Threads:
  0x0000000016566800 VMThread [stack: 0x00000000175f0000,0x00000000176f0000] [id=13072]
  0x0000000017f23000 WatcherThread [stack: 0x00000000183f0000,0x00000000184f0000] [id=8012]

VM state:not at safepoint (normal execution)

VM Mutex/Monitor currently owned by a thread: None

heap address: 0x00000000a0000000, size: 1536 MB, Compressed Oops mode: 32-bit
Narrow klass base: 0x0000000000000000, Narrow klass shift: 3
Compressed class space size: 1073741824 Address: 0x0000000100000000

Heap:
 PSYoungGen      total 274432K, used 115601K [0x00000000e0000000, 0x00000000f5900000, 0x0000000100000000)
  eden space 195584K, 59% used [0x00000000e0000000,0x00000000e70e4730,0x00000000ebf00000)
  from space 78848K, 0% used [0x00000000f0c00000,0x00000000f0c00000,0x00000000f5900000)
  to   space 78848K, 0% used [0x00000000ebf00000,0x00000000ebf00000,0x00000000f0c00000)
 ParOldGen       total 136192K, used 30304K [0x00000000a0000000, 0x00000000a8500000, 0x00000000e0000000)
  object space 136192K, 22% used [0x00000000a0000000,0x00000000a1d983c0,0x00000000a8500000)
 Metaspace       used 68361K, capacity 70626K, committed 74536K, reserved 1114112K
  class space    used 7639K, capacity 8310K, committed 9008K, reserved 1048576K

Card table byte_map: [0x0000000011ff0000,0x0000000012300000] byte_map_base: 0x0000000011af0000

Marking Bits: (ParMarkBitMap*) 0x0000000065519f30
 Begin Bits: [0x0000000012900000, 0x0000000014100000)
 End Bits:   [0x0000000014100000, 0x0000000015900000)

Polling page: 0x0000000002a10000

CodeCache: size=245760Kb used=51663Kb max_used=52081Kb free=194096Kb
 bounds [0x0000000002c30000, 0x0000000005f80000, 0x0000000011c30000]
 total_blobs=15403 nmethods=14862 adapters=452
 compilation: enabled

Compilation events (10 events):
Event: 8572.909 Thread 0x00000000165a4800 19280       3       org.jetbrains.kotlin.load.java.BuiltinMethodsWithSpecialGenericSignature$getOverriddenBuiltinFunctionWithErasedValueParametersInJava$1::invoke (12 bytes)
Event: 8572.910 Thread 0x00000000165a4800 nmethod 19280 0x0000000003430b10 code [0x0000000003430ce0, 0x00000000034312e8]
Event: 8572.910 Thread 0x00000000165a4800 19281       3       org.jetbrains.kotlin.load.java.BuiltinMethodsWithSpecialGenericSignature$getOverriddenBuiltinFunctionWithErasedValueParametersInJava$1::invoke (14 bytes)
Event: 8572.911 Thread 0x00000000165a4800 nmethod 19281 0x000000000499b410 code [0x000000000499b5c0, 0x000000000499b928]
Event: 8572.931 Thread 0x00000000165a4800 19282       3       org.jetbrains.kotlin.load.java.lazy.JavaResolverComponents::<init> (259 bytes)
Event: 8572.933 Thread 0x00000000165a4800 nmethod 19282 0x000000000574af90 code [0x000000000574b300, 0x000000000574c718]
Event: 8572.935 Thread 0x00000000165a4800 19283       3       org.jetbrains.kotlin.android.synthetic.diagnostic.AndroidExtensionPropertiesCallChecker::check (181 bytes)
Event: 8572.936 Thread 0x00000000165a4800 nmethod 19283 0x000000000357ba10 code [0x000000000357bd00, 0x000000000357d728]
Event: 8572.936 Thread 0x00000000165a4800 19284       3       org.jetbrains.kotlin.android.parcel.ParcelableAnnotationChecker::check (270 bytes)
Event: 8572.937 Thread 0x00000000165a4800 nmethod 19284 0x0000000005bb14d0 code [0x0000000005bb1880, 0x0000000005bb33c8]

GC Heap History (10 events):
Event: 8021.441 GC heap before
{Heap before GC invocations=38 (full 5):
 PSYoungGen      total 221184K, used 221183K [0x00000000e0000000, 0x00000000f3800000, 0x0000000100000000)
  eden space 169472K, 100% used [0x00000000e0000000,0x00000000ea580000,0x00000000ea580000)
  from space 51712K, 99% used [0x00000000ee080000,0x00000000f12ffd88,0x00000000f1300000)
  to   space 60416K, 0% used [0x00000000ea580000,0x00000000ea580000,0x00000000ee080000)
 ParOldGen       total 136192K, used 20910K [0x00000000a0000000, 0x00000000a8500000, 0x00000000e0000000)
  object space 136192K, 15% used [0x00000000a0000000,0x00000000a146b9e0,0x00000000a8500000)
 Metaspace       used 70220K, capacity 72880K, committed 73000K, reserved 1114112K
  class space    used 7911K, capacity 8743K, committed 8752K, reserved 1048576K
Event: 8021.563 GC heap after
Heap after GC invocations=38 (full 5):
 PSYoungGen      total 229888K, used 60397K [0x00000000e0000000, 0x00000000f4600000, 0x0000000100000000)
  eden space 169472K, 0% used [0x00000000e0000000,0x00000000e0000000,0x00000000ea580000)
  from space 60416K, 99% used [0x00000000ea580000,0x00000000ee07b450,0x00000000ee080000)
  to   space 73216K, 0% used [0x00000000efe80000,0x00000000efe80000,0x00000000f4600000)
 ParOldGen       total 136192K, used 35176K [0x00000000a0000000, 0x00000000a8500000, 0x00000000e0000000)
  object space 136192K, 25% used [0x00000000a0000000,0x00000000a225a0f0,0x00000000a8500000)
 Metaspace       used 70220K, capacity 72880K, committed 73000K, reserved 1114112K
  class space    used 7911K, capacity 8743K, committed 8752K, reserved 1048576K
}
Event: 8294.902 GC heap before
{Heap before GC invocations=39 (full 5):
 PSYoungGen      total 229888K, used 229869K [0x00000000e0000000, 0x00000000f4600000, 0x0000000100000000)
  eden space 169472K, 100% used [0x00000000e0000000,0x00000000ea580000,0x00000000ea580000)
  from space 60416K, 99% used [0x00000000ea580000,0x00000000ee07b450,0x00000000ee080000)
  to   space 73216K, 0% used [0x00000000efe80000,0x00000000efe80000,0x00000000f4600000)
 ParOldGen       total 136192K, used 35176K [0x00000000a0000000, 0x00000000a8500000, 0x00000000e0000000)
  object space 136192K, 25% used [0x00000000a0000000,0x00000000a225a0f0,0x00000000a8500000)
 Metaspace       used 70768K, capacity 73536K, committed 73640K, reserved 1114112K
  class space    used 7969K, capacity 8855K, committed 8880K, reserved 1048576K
Event: 8294.975 GC heap after
Heap after GC invocations=39 (full 5):
 PSYoungGen      total 256512K, used 49539K [0x00000000e0000000, 0x00000000f4500000, 0x0000000100000000)
  eden space 184320K, 0% used [0x00000000e0000000,0x00000000e0000000,0x00000000eb400000)
  from space 72192K, 68% used [0x00000000efe80000,0x00000000f2ee0c10,0x00000000f4500000)
  to   space 74240K, 0% used [0x00000000eb400000,0x00000000eb400000,0x00000000efc80000)
 ParOldGen       total 136192K, used 52195K [0x00000000a0000000, 0x00000000a8500000, 0x00000000e0000000)
  object space 136192K, 38% used [0x00000000a0000000,0x00000000a32f8c90,0x00000000a8500000)
 Metaspace       used 70768K, capacity 73536K, committed 73640K, reserved 1114112K
  class space    used 7969K, capacity 8855K, committed 8880K, reserved 1048576K
}
Event: 8371.809 GC heap before
{Heap before GC invocations=40 (full 5):
 PSYoungGen      total 256512K, used 233859K [0x00000000e0000000, 0x00000000f4500000, 0x0000000100000000)
  eden space 184320K, 100% used [0x00000000e0000000,0x00000000eb400000,0x00000000eb400000)
  from space 72192K, 68% used [0x00000000efe80000,0x00000000f2ee0c10,0x00000000f4500000)
  to   space 74240K, 0% used [0x00000000eb400000,0x00000000eb400000,0x00000000efc80000)
 ParOldGen       total 136192K, used 52195K [0x00000000a0000000, 0x00000000a8500000, 0x00000000e0000000)
  object space 136192K, 38% used [0x00000000a0000000,0x00000000a32f8c90,0x00000000a8500000)
 Metaspace       used 71356K, capacity 74136K, committed 74280K, reserved 1114112K
  class space    used 8035K, capacity 8927K, committed 9008K, reserved 1048576K
Event: 8371.851 GC heap after
Heap after GC invocations=40 (full 5):
 PSYoungGen      total 258560K, used 60264K [0x00000000e0000000, 0x00000000f5900000, 0x0000000100000000)
  eden space 184320K, 0% used [0x00000000e0000000,0x00000000e0000000,0x00000000eb400000)
  from space 74240K, 81% used [0x00000000eb400000,0x00000000eeeda218,0x00000000efc80000)
  to   space 78848K, 0% used [0x00000000f0c00000,0x00000000f0c00000,0x00000000f5900000)
 ParOldGen       total 136192K, used 52203K [0x00000000a0000000, 0x00000000a8500000, 0x00000000e0000000)
  object space 136192K, 38% used [0x00000000a0000000,0x00000000a32fac90,0x00000000a8500000)
 Metaspace       used 71356K, capacity 74136K, committed 74280K, reserved 1114112K
  class space    used 8035K, capacity 8927K, committed 9008K, reserved 1048576K
}
Event: 8398.601 GC heap before
{Heap before GC invocations=41 (full 5):
 PSYoungGen      total 258560K, used 168678K [0x00000000e0000000, 0x00000000f5900000, 0x0000000100000000)
  eden space 184320K, 58% used [0x00000000e0000000,0x00000000e69df908,0x00000000eb400000)
  from space 74240K, 81% used [0x00000000eb400000,0x00000000eeeda218,0x00000000efc80000)
  to   space 78848K, 0% used [0x00000000f0c00000,0x00000000f0c00000,0x00000000f5900000)
 ParOldGen       total 136192K, used 52203K [0x00000000a0000000, 0x00000000a8500000, 0x00000000e0000000)
  object space 136192K, 38% used [0x00000000a0000000,0x00000000a32fac90,0x00000000a8500000)
 Metaspace       used 71489K, capacity 74304K, committed 74536K, reserved 1114112K
  class space    used 8048K, capacity 8959K, committed 9008K, reserved 1048576K
Event: 8398.704 GC heap after
Heap after GC invocations=41 (full 5):
 PSYoungGen      total 274432K, used 51025K [0x00000000e0000000, 0x00000000f5900000, 0x0000000100000000)
  eden space 195584K, 0% used [0x00000000e0000000,0x00000000e0000000,0x00000000ebf00000)
  from space 78848K, 64% used [0x00000000f0c00000,0x00000000f3dd46e8,0x00000000f5900000)
  to   space 78848K, 0% used [0x00000000ebf00000,0x00000000ebf00000,0x00000000f0c00000)
 ParOldGen       total 136192K, used 52211K [0x00000000a0000000, 0x00000000a8500000, 0x00000000e0000000)
  object space 136192K, 38% used [0x00000000a0000000,0x00000000a32fcc90,0x00000000a8500000)
 Metaspace       used 71489K, capacity 74304K, committed 74536K, reserved 1114112K
  class space    used 8048K, capacity 8959K, committed 9008K, reserved 1048576K
}
Event: 8398.705 GC heap before
{Heap before GC invocations=42 (full 6):
 PSYoungGen      total 274432K, used 51025K [0x00000000e0000000, 0x00000000f5900000, 0x0000000100000000)
  eden space 195584K, 0% used [0x00000000e0000000,0x00000000e0000000,0x00000000ebf00000)
  from space 78848K, 64% used [0x00000000f0c00000,0x00000000f3dd46e8,0x00000000f5900000)
  to   space 78848K, 0% used [0x00000000ebf00000,0x00000000ebf00000,0x00000000f0c00000)
 ParOldGen       total 136192K, used 52211K [0x00000000a0000000, 0x00000000a8500000, 0x00000000e0000000)
  object space 136192K, 38% used [0x00000000a0000000,0x00000000a32fcc90,0x00000000a8500000)
 Metaspace       used 71489K, capacity 74304K, committed 74536K, reserved 1114112K
  class space    used 8048K, capacity 8959K, committed 9008K, reserved 1048576K
Event: 8398.911 GC heap after
Heap after GC invocations=42 (full 6):
 PSYoungGen      total 274432K, used 0K [0x00000000e0000000, 0x00000000f5900000, 0x0000000100000000)
  eden space 195584K, 0% used [0x00000000e0000000,0x00000000e0000000,0x00000000ebf00000)
  from space 78848K, 0% used [0x00000000f0c00000,0x00000000f0c00000,0x00000000f5900000)
  to   space 78848K, 0% used [0x00000000ebf00000,0x00000000ebf00000,0x00000000f0c00000)
 ParOldGen       total 136192K, used 30304K [0x00000000a0000000, 0x00000000a8500000, 0x00000000e0000000)
  object space 136192K, 22% used [0x00000000a0000000,0x00000000a1d983c0,0x00000000a8500000)
 Metaspace       used 68071K, capacity 70314K, committed 74536K, reserved 1114112K
  class space    used 7605K, capacity 8270K, committed 9008K, reserved 1048576K
}

Deoptimization events (10 events):
Event: 8371.973 Thread 0x000000001cbcd800 Uncommon trap: reason=class_check action=maybe_recompile pc=0x0000000003bf6b10 method=org.jetbrains.kotlin.resolve.calls.checkers.ApiVersionCallChecker.check(Lorg/jetbrains/kotlin/descriptors/CallableDescriptor;Lorg/jetbrains/kotlin/resolve/calls/checkers
Event: 8371.973 Thread 0x000000001cbcd800 Uncommon trap: reason=class_check action=maybe_recompile pc=0x0000000003bf6b10 method=org.jetbrains.kotlin.resolve.calls.checkers.ApiVersionCallChecker.check(Lorg/jetbrains/kotlin/descriptors/CallableDescriptor;Lorg/jetbrains/kotlin/resolve/calls/checkers
Event: 8371.973 Thread 0x000000001cbcd800 Uncommon trap: reason=class_check action=maybe_recompile pc=0x0000000003bf6b10 method=org.jetbrains.kotlin.resolve.calls.checkers.ApiVersionCallChecker.check(Lorg/jetbrains/kotlin/descriptors/CallableDescriptor;Lorg/jetbrains/kotlin/resolve/calls/checkers
Event: 8372.158 Thread 0x000000001cbcd800 Uncommon trap: reason=class_check action=maybe_recompile pc=0x0000000005bec988 method=org.jetbrains.kotlin.resolve.calls.checkers.DeprecatedCallChecker.check(Lorg/jetbrains/kotlin/descriptors/CallableDescriptor;Lorg/jetbrains/kotlin/resolve/BindingTrace;L
Event: 8372.158 Thread 0x000000001cbcd800 Uncommon trap: reason=class_check action=maybe_recompile pc=0x0000000005bec988 method=org.jetbrains.kotlin.resolve.calls.checkers.DeprecatedCallChecker.check(Lorg/jetbrains/kotlin/descriptors/CallableDescriptor;Lorg/jetbrains/kotlin/resolve/BindingTrace;L
Event: 8372.158 Thread 0x000000001cbcd800 Uncommon trap: reason=class_check action=maybe_recompile pc=0x0000000005bec988 method=org.jetbrains.kotlin.resolve.calls.checkers.DeprecatedCallChecker.check(Lorg/jetbrains/kotlin/descriptors/CallableDescriptor;Lorg/jetbrains/kotlin/resolve/BindingTrace;L
Event: 8372.158 Thread 0x000000001cbcd800 Uncommon trap: reason=class_check action=maybe_recompile pc=0x0000000005bec988 method=org.jetbrains.kotlin.resolve.calls.checkers.DeprecatedCallChecker.check(Lorg/jetbrains/kotlin/descriptors/CallableDescriptor;Lorg/jetbrains/kotlin/resolve/BindingTrace;L
Event: 8572.765 Thread 0x000000001cbca800 Uncommon trap: reason=unstable_if action=reinterpret pc=0x0000000004c22548 method=org.jetbrains.kotlin.com.intellij.util.containers.ConcurrentWeakKeySoftValueHashMap$WeakKey.equals(Ljava/lang/Object;)Z @ 32
Event: 8572.793 Thread 0x000000001cbca800 Uncommon trap: reason=class_check action=maybe_recompile pc=0x0000000005f664f8 method=org.jetbrains.kotlin.resolve.calls.checkers.DeprecatedCallChecker.check(Lorg/jetbrains/kotlin/descriptors/CallableDescriptor;Lorg/jetbrains/kotlin/resolve/BindingTrace;L
Event: 8572.795 Thread 0x000000001cbca800 Uncommon trap: reason=class_check action=maybe_recompile pc=0x0000000005f664f8 method=org.jetbrains.kotlin.resolve.calls.checkers.DeprecatedCallChecker.check(Lorg/jetbrains/kotlin/descriptors/CallableDescriptor;Lorg/jetbrains/kotlin/resolve/BindingTrace;L

Classes redefined (0 events):
No events

Internal exceptions (10 events):
Event: 8371.667 Thread 0x000000001cbcd800 Exception <a 'sun/nio/fs/WindowsException'> (0x00000000e8e186f8) thrown at [D:\src\AOSP-openjdk-cygwin\jdk8u\hotspot\src\share\vm\prims\jni.cpp, line 710]
Event: 8371.667 Thread 0x000000001cbcd800 Exception <a 'java/io/FileNotFoundException'> (0x00000000e8e19c00) thrown at [D:\src\AOSP-openjdk-cygwin\jdk8u\hotspot\src\share\vm\prims\jni.cpp, line 710]
Event: 8371.667 Thread 0x000000001cbcd800 Exception <a 'java/io/FileNotFoundException'> (0x00000000e8e1ba00) thrown at [D:\src\AOSP-openjdk-cygwin\jdk8u\hotspot\src\share\vm\prims\jni.cpp, line 710]
Event: 8572.461 Thread 0x000000001cbcd800 Exception <a 'java/lang/InterruptedException'> (0x00000000e02da980) thrown at [D:\src\AOSP-openjdk-cygwin\jdk8u\hotspot\src\share\vm\runtime\objectMonitor.cpp, line 1680]
Event: 8572.475 Thread 0x000000001cbca800 Exception <a 'java/io/FileNotFoundException'> (0x00000000e04439c8) thrown at [D:\src\AOSP-openjdk-cygwin\jdk8u\hotspot\src\share\vm\prims\jni.cpp, line 710]
Event: 8572.475 Thread 0x000000001cbca800 Exception <a 'sun/nio/fs/WindowsException'> (0x00000000e0445608) thrown at [D:\src\AOSP-openjdk-cygwin\jdk8u\hotspot\src\share\vm\prims\jni.cpp, line 710]
Event: 8572.476 Thread 0x000000001cbca800 Exception <a 'sun/nio/fs/WindowsException'> (0x00000000e04496e0) thrown at [D:\src\AOSP-openjdk-cygwin\jdk8u\hotspot\src\share\vm\prims\jni.cpp, line 710]
Event: 8572.477 Thread 0x000000001cbca800 Exception <a 'java/io/FileNotFoundException'> (0x00000000e044abe8) thrown at [D:\src\AOSP-openjdk-cygwin\jdk8u\hotspot\src\share\vm\prims\jni.cpp, line 710]
Event: 8572.477 Thread 0x000000001cbca800 Exception <a 'java/io/FileNotFoundException'> (0x00000000e044c9e8) thrown at [D:\src\AOSP-openjdk-cygwin\jdk8u\hotspot\src\share\vm\prims\jni.cpp, line 710]
Event: 8572.765 Thread 0x000000001cbca800 Implicit null exception at 0x0000000004c219cd to 0x0000000004c2252d

Events (10 events):
Event: 8572.793 Thread 0x000000001cbca800 Uncommon trap: trap_request=0xffffffde fr.pc=0x0000000005f664f8
Event: 8572.793 Thread 0x000000001cbca800 DEOPT PACKING pc=0x0000000005f664f8 sp=0x000000000105aa90
Event: 8572.793 Thread 0x000000001cbca800 DEOPT UNPACKING pc=0x0000000002c7557b sp=0x000000000105aa58 mode 2
Event: 8572.795 Thread 0x000000001cbca800 Uncommon trap: trap_request=0xffffffde fr.pc=0x0000000005f664f8
Event: 8572.795 Thread 0x000000001cbca800 DEOPT PACKING pc=0x0000000005f664f8 sp=0x000000000105aa90
Event: 8572.795 Thread 0x000000001cbca800 DEOPT UNPACKING pc=0x0000000002c7557b sp=0x000000000105aa58 mode 2
Event: 8572.808 loading class org/jetbrains/kotlin/descriptors/SimpleFunctionDescriptor
Event: 8572.808 loading class org/jetbrains/kotlin/descriptors/SimpleFunctionDescriptor done
Event: 8572.894 Executing VM operation: ForceSafepoint
Event: 8572.894 Executing VM operation: ForceSafepoint done


Dynamic libraries:
0x00007ff645020000 - 0x00007ff645051000 	C:\Program Files\Android\Android Studio\jre\jre\bin\java.exe
0x00007ffbe2560000 - 0x00007ffbe2750000 	C:\WINDOWS\SYSTEM32\ntdll.dll
0x00007ffbe13b0000 - 0x00007ffbe1462000 	C:\WINDOWS\System32\KERNEL32.DLL
0x00007ffbdf770000 - 0x00007ffbdfa13000 	C:\WINDOWS\System32\KERNELBASE.dll
0x00007ffbe0950000 - 0x00007ffbe09f3000 	C:\WINDOWS\System32\ADVAPI32.dll
0x00007ffbe18e0000 - 0x00007ffbe197e000 	C:\WINDOWS\System32\msvcrt.dll
0x00007ffbe2320000 - 0x00007ffbe23b7000 	C:\WINDOWS\System32\sechost.dll
0x00007ffbe1cc0000 - 0x00007ffbe1de0000 	C:\WINDOWS\System32\RPCRT4.dll
0x00007ffbe0640000 - 0x00007ffbe07d4000 	C:\WINDOWS\System32\USER32.dll
0x00007ffbe02a0000 - 0x00007ffbe02c1000 	C:\WINDOWS\System32\win32u.dll
0x00007ffbe1520000 - 0x00007ffbe1546000 	C:\WINDOWS\System32\GDI32.dll
0x00007ffbe0320000 - 0x00007ffbe04b4000 	C:\WINDOWS\System32\gdi32full.dll
0x00007ffbdf6d0000 - 0x00007ffbdf76e000 	C:\WINDOWS\System32\msvcp_win.dll
0x00007ffbdfa20000 - 0x00007ffbdfb1a000 	C:\WINDOWS\System32\ucrtbase.dll
0x00007ffbd4210000 - 0x00007ffbd4495000 	C:\WINDOWS\WinSxS\amd64_microsoft.windows.common-controls_6595b64144ccf1df_6.0.18362.657_none_e6c5b579130e3898\COMCTL32.dll
0x00007ffbe1980000 - 0x00007ffbe1cb6000 	C:\WINDOWS\System32\combase.dll
0x00007ffbdf650000 - 0x00007ffbdf6d0000 	C:\WINDOWS\System32\bcryptPrimitives.dll
0x00007ffbe0610000 - 0x00007ffbe063e000 	C:\WINDOWS\System32\IMM32.DLL
0x0000000064b60000 - 0x0000000064c32000 	C:\Program Files\Android\Android Studio\jre\jre\bin\msvcr100.dll
0x0000000064d50000 - 0x0000000065596000 	C:\Program Files\Android\Android Studio\jre\jre\bin\server\jvm.dll
0x00007ffbe0c20000 - 0x00007ffbe0c28000 	C:\WINDOWS\System32\PSAPI.DLL
0x00007ffbde370000 - 0x00007ffbde379000 	C:\WINDOWS\SYSTEM32\WSOCK32.dll
0x00007ffbe0a00000 - 0x00007ffbe0a6f000 	C:\WINDOWS\System32\WS2_32.dll
0x00007ffbdbf40000 - 0x00007ffbdbf64000 	C:\WINDOWS\SYSTEM32\WINMM.dll
0x00007ffbd9a30000 - 0x00007ffbd9a3a000 	C:\WINDOWS\SYSTEM32\VERSION.dll
0x00007ffbdbf10000 - 0x00007ffbdbf3d000 	C:\WINDOWS\SYSTEM32\WINMMBASE.dll
0x00007ffbdf550000 - 0x00007ffbdf59a000 	C:\WINDOWS\System32\cfgmgr32.dll
0x00007ffbda7f0000 - 0x00007ffbda7ff000 	C:\Program Files\Android\Android Studio\jre\jre\bin\verify.dll
0x00007ffbcbe10000 - 0x00007ffbcbe39000 	C:\Program Files\Android\Android Studio\jre\jre\bin\java.dll
0x00007ffbd3da0000 - 0x00007ffbd3db6000 	C:\Program Files\Android\Android Studio\jre\jre\bin\zip.dll
0x00007ffbe0c40000 - 0x00007ffbe1325000 	C:\WINDOWS\System32\SHELL32.dll
0x00007ffbe0840000 - 0x00007ffbe08e9000 	C:\WINDOWS\System32\shcore.dll
0x00007ffbdfb20000 - 0x00007ffbe029f000 	C:\WINDOWS\System32\windows.storage.dll
0x00007ffbdf4b0000 - 0x00007ffbdf4cf000 	C:\WINDOWS\System32\profapi.dll
0x00007ffbdf460000 - 0x00007ffbdf4aa000 	C:\WINDOWS\System32\powrprof.dll
0x00007ffbdf430000 - 0x00007ffbdf440000 	C:\WINDOWS\System32\UMPDC.dll
0x00007ffbe0a70000 - 0x00007ffbe0ac2000 	C:\WINDOWS\System32\shlwapi.dll
0x00007ffbdf440000 - 0x00007ffbdf451000 	C:\WINDOWS\System32\kernel.appcore.dll
0x00007ffbe02d0000 - 0x00007ffbe02e7000 	C:\WINDOWS\System32\cryptsp.dll
0x00007ffbda7e0000 - 0x00007ffbda7ed000 	C:\Program Files\Android\Android Studio\jre\jre\bin\management.dll
0x00007ffbd2150000 - 0x00007ffbd216a000 	C:\Program Files\Android\Android Studio\jre\jre\bin\net.dll
0x00007ffbdeca0000 - 0x00007ffbded07000 	C:\WINDOWS\system32\mswsock.dll
0x00007ffbd2110000 - 0x00007ffbd2121000 	C:\Program Files\Android\Android Studio\jre\jre\bin\nio.dll
0x00007ffbde810000 - 0x00007ffbde843000 	C:\WINDOWS\system32\rsaenh.dll
0x00007ffbe02f0000 - 0x00007ffbe0316000 	C:\WINDOWS\System32\bcrypt.dll
0x00007ffbdf320000 - 0x00007ffbdf345000 	C:\WINDOWS\SYSTEM32\USERENV.dll
0x00007ffbdee70000 - 0x00007ffbdee7c000 	C:\WINDOWS\SYSTEM32\CRYPTBASE.dll
0x00007ffbde9b0000 - 0x00007ffbde9ea000 	C:\WINDOWS\SYSTEM32\IPHLPAPI.DLL
0x00007ffbe0ad0000 - 0x00007ffbe0ad8000 	C:\WINDOWS\System32\NSI.dll
0x00007ffbd8250000 - 0x00007ffbd8266000 	C:\WINDOWS\SYSTEM32\dhcpcsvc6.DLL
0x00007ffbd8740000 - 0x00007ffbd875c000 	C:\WINDOWS\SYSTEM32\dhcpcsvc.DLL
0x00007ffbde9f0000 - 0x00007ffbdeaba000 	C:\WINDOWS\SYSTEM32\DNSAPI.dll

VM Arguments:
jvm_args: -Djava.awt.headless=true -Djava.rmi.server.hostname=127.0.0.1 -Xmx1536m -Dkotlin.environment.keepalive 
java_command: org.jetbrains.kotlin.daemon.KotlinCompileDaemon --daemon-runFilesPath C:\Users\Vince\AppData\Local\kotlin\daemon --daemon-autoshutdownIdleSeconds=7200 --daemon-compilerClasspath C:\Users\Vince\.gradle\caches\modules-2\files-2.1\org.jetbrains.kotlin\kotlin-compiler-embeddable\1.3.11\a8db6c14f8b8ed74aa11b8379f961587b639c571\kotlin-compiler-embeddable-1.3.11.jar;C:\Users\Vince\.gradle\caches\modules-2\files-2.1\org.jetbrains.kotlin\kotlin-reflect\1.3.11\aae7b33412715e9ed441934c4ffaad1bb80e9d36\kotlin-reflect-1.3.11.jar;C:\Users\Vince\.gradle\caches\modules-2\files-2.1\org.jetbrains.kotlin\kotlin-stdlib\1.3.11\4cbc5922a54376018307a731162ccaf3ef851a39\kotlin-stdlib-1.3.11.jar;C:\Users\Vince\.gradle\caches\modules-2\files-2.1\org.jetbrains.kotlin\kotlin-script-runtime\1.3.11\1ef3a816aeacb9cd051b3ed37e2abf88910f1503\kotlin-script-runtime-1.3.11.jar;C:\Users\Vince\.gradle\caches\modules-2\files-2.1\org.jetbrains.kotlin\kotlin-stdlib-common\1.3.11\d8b8e746e279f1c4f5e08bc14a96b82e6bb1de02\kotlin-stdlib-common-1.3.11.jar;C:\Users\Vince\.gradle\caches\modules-2\files-2.1\org.jetbrains\annotations\13.0\919f0dfe192fb4e063e7dacadee7f8bb9a2672a9\annotations-13.0.jar;C:\Program Files\Android\Android Studio\jre\lib\tools.jar
java_class_path (initial): C:\Users\Vince\.gradle\caches\modules-2\files-2.1\org.jetbrains.kotlin\kotlin-compiler-embeddable\1.3.11\a8db6c14f8b8ed74aa11b8379f961587b639c571\kotlin-compiler-embeddable-1.3.11.jar;C:\Users\Vince\.gradle\caches\modules-2\files-2.1\org.jetbrains.kotlin\kotlin-reflect\1.3.11\aae7b33412715e9ed441934c4ffaad1bb80e9d36\kotlin-reflect-1.3.11.jar;C:\Users\Vince\.gradle\caches\modules-2\files-2.1\org.jetbrains.kotlin\kotlin-stdlib\1.3.11\4cbc5922a54376018307a731162ccaf3ef851a39\kotlin-stdlib-1.3.11.jar;C:\Users\Vince\.gradle\caches\modules-2\files-2.1\org.jetbrains.kotlin\kotlin-script-runtime\1.3.11\1ef3a816aeacb9cd051b3ed37e2abf88910f1503\kotlin-script-runtime-1.3.11.jar;C:\Users\Vince\.gradle\caches\modules-2\files-2.1\org.jetbrains.kotlin\kotlin-stdlib-common\1.3.11\d8b8e746e279f1c4f5e08bc14a96b82e6bb1de02\kotlin-stdlib-common-1.3.11.jar;C:\Users\Vince\.gradle\caches\modules-2\files-2.1\org.jetbrains\annotations\13.0\919f0dfe192fb4e063e7dacadee7f8bb9a2672a9\annotations-13.0.jar;C:\Program Files\Android\Android Studio\jre\lib\tools.jar
Launcher Type: SUN_STANDARD

Environment Variables:
JAVA_HOME=C:\Program Files\Java\jdk1.8.0_201;C:\MinGW\bin
PATH=C:\Program Files\Microsoft MPI\Bin\;C:\Program Files (x86)\Common Files\Oracle\Java\javapath;C:\Program Files (x86)\Intel\iCLS Client\;C:\Program Files\Intel\iCLS Client\;C:\Windows\system32;C:\Windows;C:\Windows\System32\Wbem;C:\Windows\System32\WindowsPowerShell\v1.0\;C:\Program Files\Intel\WiFi\bin\;C:\Program Files\Common Files\Intel\WirelessCommon\;C:\Program Files (x86)\NVIDIA Corporation\PhysX\Common;C:\Program Files (x86)\Intel\Intel(R) Management Engine Components\DAL;C:\Program Files\Intel\Intel(R) Management Engine Components\DAL;C:\Program Files (x86)\Intel\Intel(R) Management Engine Components\IPT;C:\Program Files\Intel\Intel(R) Management Engine Components\IPT;C:\Program Files\Acer ProShield\;C:\Program Files\Acer ProShield\x86;C:\WINDOWS\system32;C:\WINDOWS;C:\WINDOWS\System32\Wbem;C:\WINDOWS\System32\WindowsPowerShell\v1.0\;C:\WINDOWS\System32\OpenSSH\;C:\MinGW\bin;C:\Program Files\Git\cmd;C:\Program Files\Java\jdk1.8.0_201\bin;C:\adb;C:\Program Files\Java\jdk1.8.0_201\bin
USERNAME=Vince
OS=Windows_NT
PROCESSOR_IDENTIFIER=Intel64 Family 6 Model 142 Stepping 9, GenuineIntel



---------------  S Y S T E M  ---------------

OS: Windows 10.0 , 64 bit Build 18362 (10.0.18362.329)

CPU:total 4 (initial active 4) (2 cores per cpu, 2 threads per core) family 6 model 142 stepping 9, cmov, cx8, fxsr, mmx, sse, sse2, sse3, ssse3, sse4.1, sse4.2, popcnt, avx, avx2, aes, clmul, erms, 3dnowpref, lzcnt, ht, tsc, tscinvbit, bmi1, bmi2, adx

Memory: 4k page, physical 8253672k(729404k free), swap 10202344k(5828k free)

vm_info: OpenJDK 64-Bit Server VM (25.202-b03) for windows-amd64 JRE (1.8.0_202-release-1483-b03), built by "builder" with MS VC++ 10.0 (VS2010)

time: Wed Feb 26 19:02:33 2020
timezone: China Standard Time
elapsed time: 8572 seconds (0d 2h 22m 52s)

